---------------
2013/11/13 11:02:29
【妖怪ワールド】レビュー待ち通知

下記の記事がレビュー待ちにとして保存されました。

タイトル：投稿通知テスト１
管理画面：http://a-cz.com/admin/post.php?post=413&action=edit


tetu104@hotmail.com
---------------
2013/11/13 11:12:43
【妖怪ワールド】レビュー待ち通知

下記の記事がレビュー待ちにとして保存されました。

タイトル：投稿通知テスト１
管理画面：http://a-cz.com/admin/post.php?post=413&action=edit


tetu104@hotmail.com
---------------
2013/11/13 11:14:10
【妖怪ワールド】レビュー待ち通知

下記の記事がレビュー待ちにとして保存されました。

タイトル：投稿通知テスト１
管理画面：http://a-cz.com/admin/post.php?post=413&action=edit


tetu104@hotmail.com
---------------
2013/11/13 11:16:56
【妖怪ワールド】レビュー待ち通知

下記の記事がレビュー待ちにとして保存されました。

タイトル：投稿通知テスト１
管理画面：http://a-cz.com/admin/post.php?post=413&action=edit


tetu104@hotmail.com
tokitetu@gmail.com
---------------
2013/11/14 08:02:40
【妖怪ワールド】レビュー待ち通知

下記の記事がレビュー待ちにとして保存されました。

タイトル：テスト投稿
管理画面：http://youkai-watch.localhost/admin/post.php?post=433&action=edit


master_user1@youkai-watch.com
---------------
2013/11/14 08:03:53
【妖怪ワールド】レビュー待ち通知

下記の記事がレビュー待ちにとして保存されました。

タイトル：投稿テスト
管理画面：http://youkai-watch.localhost/admin/post.php?post=431&action=edit


master_user1@youkai-watch.com
---------------
2013/11/14 08:12:55
【妖怪ワールド】レビュー待ち通知

下記の記事がレビュー待ちにとして保存されました。

タイトル：テスト投稿
管理画面：http://youkai-watch.localhost/admin/post.php?post=437&action=edit


master_user1@youkai-watch.com
---------------
2013/11/14 11:32:11
【妖怪ワールド】レビュー待ち通知

下記の記事がレビュー待ちにとして保存されました。

タイトル：【検証】HondaFanSite　トップがCIVIC FERIO SiRに更新されました!!
管理画面：http://youkai-watch.localhost/admin/post.php?post=453&action=edit


tetu104@hotmail.com
tokitetu@gmail.com
---------------
2013/11/15 10:05:36
【妖怪ワールド】レビュー待ち通知

下記の記事がレビュー待ちにとして保存されました。

タイトル：メールテスト
管理画面：http://youkai-world.com/admin/post.php?post=496&action=edit


tetu104@hotmail.com
tokitetu@gmail.com
---------------
2013/11/18 05:34:19
【妖怪ワールド】レビュー待ち通知

下記の記事がレビュー待ちにとして保存されました。

タイトル：TEST
管理画面：http://youkai-world.com/admin/post.php?post=498&action=edit


tetu104@hotmail.com
tokitetu@gmail.com
---------------
2013/11/19 04:23:39
【妖怪ワールド】レビュー待ち通知

下記の記事がレビュー待ちにとして保存されました。

タイトル：テスト　承認待ち
管理画面：http://youkai-world.com/admin/post.php?post=508&action=edit


okuta@viracocha.co.jp
tokitetu@gmail.com
test@test.com
---------------
2013/12/02 10:42:39
【妖怪ワールド】レビュー待ち通知

下記の記事がレビュー待ちにとして保存されました。

タイトル：「PV3」を公開しました！
管理画面：http://youkai-world.com/admin/post.php?post=533&action=edit


okuta@viracocha.co.jp
tokitetu@gmail.com
test@test.com
---------------
2013/12/02 10:46:11
【妖怪ワールド】レビュー待ち通知

下記の記事がレビュー待ちにとして保存されました。

タイトル：ちゃお2月号よりまんが連載スタート！
管理画面：http://youkai-world.com/admin/post.php?post=535&action=edit


okuta@viracocha.co.jp
tokitetu@gmail.com
test@test.com
---------------
2013/12/02 10:54:48
【妖怪ワールド】レビュー待ち通知

下記の記事がレビュー待ちにとして保存されました。

タイトル：お店で『妖怪ウォッチ』を購入して「ラッピングくつした袋＆メッセージカード」を手に入れよう！
管理画面：http://youkai-world.com/admin/post.php?post=537&action=edit


okuta@viracocha.co.jp
tokitetu@gmail.com
test@test.com
---------------
2013/12/16 05:40:08
【妖怪ワールド】レビュー待ち通知

下記の記事がレビュー待ちにとして保存されました。

タイトル：「指名手配妖怪」を更新しました！ 
管理画面：http://youkai-world.com/admin/post.php?post=585&action=edit


okuta@viracocha.co.jp
tokitetu@gmail.com
test@test.com
---------------
2013/12/16 05:51:53
【妖怪ワールド】レビュー待ち通知

下記の記事がレビュー待ちにとして保存されました。

タイトル：「次世代ワールドホビーフェア'14 Winter出展情報」を更新しました！
管理画面：http://youkai-world.com/admin/post.php?post=587&action=edit


okuta@viracocha.co.jp
tokitetu@gmail.com
test@test.com
---------------
2014/01/15 09:28:03
【妖怪ワールド】レビュー待ち通知

下記の記事がレビュー待ちにとして保存されました。

タイトル：「指名手配妖怪」を更新しました！
管理画面：http://youkai-world.com/admin/post.php?post=630&action=edit


okuta@viracocha.co.jp
tokitetu@gmail.com
test@test.com
---------------
2014/01/15 09:47:23
【妖怪ワールド】レビュー待ち通知

下記の記事がレビュー待ちにとして保存されました。

タイトル：おもちゃの『妖怪メダル』QRコードの読み取り方を更新！宝石ニャンの入手方法も…！？
管理画面：http://youkai-world.com/admin/post.php?post=628&action=edit


okuta@viracocha.co.jp
tokitetu@gmail.com
test@test.com
---------------
2014/02/17 08:58:55
【妖怪ワールド】レビュー待ち通知

下記の記事がレビュー待ちにとして保存されました。

タイトル：「指名手配妖怪」を更新しました！
管理画面：http://youkai-world.com/admin/post.php?post=732&action=edit


okuta@viracocha.co.jp
tokitetu@gmail.com
test@test.com
---------------
2014/03/05 02:07:44
【妖怪ワールド】レビュー待ち通知

下記の記事がレビュー待ちにとして保存されました。

タイトル：3DSソフト『妖怪ウォッチ』が累計出荷本数50万本を突破！！
管理画面：http://youkai-world.com/admin/post.php?post=737&action=edit


okuta@viracocha.co.jp
tokitetu@gmail.com
test@test.com
---------------
2014/03/05 04:45:49
【妖怪ワールド】レビュー待ち通知

下記の記事がレビュー待ちにとして保存されました。

タイトル：「次世代ワールドホビーフェア'14 Winterレポート」 
管理画面：http://youkai-world.com/admin/post.php?post=762&action=edit


okuta@viracocha.co.jp
tokitetu@gmail.com
test@test.com
---------------
2014/03/05 04:46:01
【妖怪ワールド】レビュー待ち通知

下記の記事がレビュー待ちにとして保存されました。

タイトル：「次世代ワールドホビーフェア'14 Winterレポート」 
管理画面：http://youkai-world.com/admin/post.php?post=762&action=edit


okuta@viracocha.co.jp
tokitetu@gmail.com
test@test.com
---------------
2014/03/20 04:34:26
【妖怪ワールド】レビュー待ち通知

下記の記事がレビュー待ちにとして保存されました。

タイトル：「指名手配妖怪」を更新しました！
管理画面：http://youkai-world.com/admin/post.php?post=779&action=edit


okuta@viracocha.co.jp
tokitetu@gmail.com
test@test.com
---------------
2014/03/25 02:37:39
【妖怪ワールド】レビュー待ち通知

下記の記事がレビュー待ちにとして保存されました。

タイトル：妖怪リスト「プロモーションカード」公開！
管理画面：http://youkai-world.com/admin/post.php?post=799&action=edit


okuta@viracocha.co.jp
tokitetu@gmail.com
test@test.com
---------------
2014/03/26 13:51:10
【妖怪ワールド】レビュー待ち通知

下記の記事がレビュー待ちにとして保存されました。

タイトル：春休み店頭配布キャンペーン！
管理画面：http://youkai-world.com/admin/post.php?post=801&action=edit


okuta@viracocha.co.jp
tokitetu@gmail.com
test@test.com
---------------
2014/04/15 10:37:30
【妖怪ワールド】レビュー待ち通知

下記の記事がレビュー待ちにとして保存されました。

タイトル：『妖怪ウォッチ2 元祖／本家』 公式サイトを公開しました！
管理画面：http://youkai-world.com/admin/post.php?post=843&action=edit


okuta@viracocha.co.jp
tokitetu@gmail.com
test@test.com
---------------
2014/04/15 10:44:12
【妖怪ワールド】レビュー待ち通知

下記の記事がレビュー待ちにとして保存されました。

タイトル：『妖怪ウォッチ2 元祖／本家』 の「PV」「TVCM 妖怪ウォッチ2登場篇」を公開しました！
管理画面：http://youkai-world.com/admin/post.php?post=845&action=edit


okuta@viracocha.co.jp
tokitetu@gmail.com
test@test.com
---------------
2014/04/23 04:45:37
【妖怪ワールド】レビュー待ち通知

下記の記事がレビュー待ちにとして保存されました。

タイトル：3DSソフト『妖怪ウォッチ』が累計出荷本数100万本を突破！！
管理画面：http://youkai-world.com/admin/post.php?post=868&action=edit


okuta@viracocha.co.jp
tokitetu@gmail.com
test@test.com
---------------
2014/04/23 04:48:33
【妖怪ワールド】レビュー待ち通知

下記の記事がレビュー待ちにとして保存されました。

タイトル：3DSソフト『妖怪ウォッチ』が累計出荷本数100万本を突破！！
管理画面：http://youkai-world.com/admin/post.php?post=868&action=edit


okuta@viracocha.co.jp
tokitetu@gmail.com
test@test.com
---------------
2014/05/15 07:50:07
【妖怪ワールド】レビュー待ち通知

下記の記事がレビュー待ちにとして保存されました。

タイトル：『妖怪ウォッチ2 元祖／本家』の公式サイトを更新しました！
管理画面：http://youkai-world.com/admin/post.php?post=924&action=edit


okuta@viracocha.co.jp
tokitetu@gmail.com
test@test.com
---------------
2014/06/13 09:18:27
【妖怪ワールド】レビュー待ち通知

下記の記事がレビュー待ちにとして保存されました。

タイトル：『妖怪ウォッチ2 元祖／本家』の公式サイトを更新しました！ 
管理画面：http://youkai-world.com/admin/post.php?post=1053&action=edit


okuta@viracocha.co.jp
tokitetu@gmail.com
test@test.com
---------------
2014/06/13 09:20:26
【妖怪ワールド】レビュー待ち通知

下記の記事がレビュー待ちにとして保存されました。

タイトル：『妖怪ウォッチ2 元祖／本家』次世代WHF'14Summerに出展決定！！
管理画面：http://youkai-world.com/admin/post.php?post=1055&action=edit


okuta@viracocha.co.jp
tokitetu@gmail.com
test@test.com
---------------
2014/06/23 07:10:53
【妖怪ワールド】レビュー待ち通知

下記の記事がレビュー待ちにとして保存されました。

タイトル：『妖怪ウォッチ2 元祖／本家』のPV2「祭り囃子Ver.」「初恋峠Ver.」を2本同時公開しました！
管理画面：http://youkai-world.com/admin/post.php?post=1090&action=edit


okuta@viracocha.co.jp
tokitetu@gmail.com
test@test.com
---------------
2014/06/24 09:24:15
【妖怪ワールド】レビュー待ち通知

下記の記事がレビュー待ちにとして保存されました。

タイトル：妖怪ウォッチともだちウキウキペディア『第２回 ともだちたくさんできた会？』開催決定!!
管理画面：http://youkai-world.com/admin/post.php?post=1108&action=edit


okuta@viracocha.co.jp
tokitetu@gmail.com
test@test.com
---------------
2014/07/04 01:59:32
【妖怪ワールド】レビュー待ち通知

下記の記事がレビュー待ちにとして保存されました。

タイトル：ともだちウキウキペディア 妖怪ぐーるぐるマップに「ご当地エリア」出現!!　7月10日（木）～
管理画面：http://youkai-world.com/admin/post.php?post=1148&action=edit


okuta@viracocha.co.jp
tokitetu@gmail.com
test@test.com
